<?xml version="1.0" encoding="UTF-8"?>
<!-- Generated by org.testng.reporters.JUnitReportReporter -->
<testsuite hostname="alejandrovasquez" failures="0" tests="1" name="PedidosYaTests" time="146.660" errors="0" timestamp="2020-10-29T16:08:02 PET" skipped="0">
  <testcase classname="PedidosYaTests" name="pedidosYAFirstTest" time="146.660"/>
  <system-out/>
</testsuite> <!-- PedidosYaTests -->
